<?xml version="1.0" encoding="UTF-8"?>
<!-- Generated by org.testng.reporters.JUnitReportReporter -->
<testsuite hostname="shadow" failures="0" tests="1" name="login.LoginTest" time="0.004" errors="0" timestamp="2025-07-21T22:46:46 IST" skipped="0">
  <testcase classname="login.LoginTest" name="sampleTest" time="0.004"/>
  <system-out/>
</testsuite> <!-- login.LoginTest -->
